* using log directory ‘/Users/tuyixing/Desktop/UW Course/MTBrush/MTBrush.Rcheck’
* using R version 4.0.3 (2020-10-10)
* using platform: x86_64-apple-darwin17.0 (64-bit)
* using session charset: UTF-8
* using options ‘--no-manual --as-cran’
* checking for file ‘MTBrush/DESCRIPTION’ ... OK
* checking extension type ... Package
* this is package ‘MTBrush’ version ‘0.1.0’
* package encoding: UTF-8
* checking package namespace information ... OK
* checking package dependencies ... OK
* checking if this is a source package ... OK
* checking if there is a namespace ... OK
* checking for executable files ... OK
* checking for hidden files and directories ... OK
* checking for portable file names ... OK
* checking for sufficient/correct file permissions ... OK
* checking serialization versions ... OK
* checking whether package ‘MTBrush’ can be installed ... WARNING
Found the following significant warnings:
  Warning: replacing previous import ‘magrittr::extract’ by ‘tidyr::extract’ when loading ‘MTBrush’
See ‘/Users/tuyixing/Desktop/UW Course/MTBrush/MTBrush.Rcheck/00install.out’ for details.
* checking installed package size ... OK
* checking package directory ... OK
* checking for future file timestamps ... OK
* checking DESCRIPTION meta-information ... NOTE
Malformed Title field: should not end in a period.
* checking top-level files ... NOTE
Non-standard file/directory found at top level:
  ‘docs’
* checking for left-over files ... OK
* checking index information ... OK
* checking package subdirectories ... OK
* checking R files for non-ASCII characters ... OK
* checking R files for syntax errors ... OK
* checking whether the package can be loaded ... OK
* checking whether the package can be loaded with stated dependencies ... OK
* checking whether the package can be unloaded cleanly ... OK
* checking whether the namespace can be loaded with stated dependencies ... OK
* checking whether the namespace can be unloaded cleanly ... OK
* checking dependencies in R code ... OK
* checking S3 generic/method consistency ... OK
* checking replacement functions ... OK
* checking foreign function calls ... OK
* checking R code for possible problems ... NOTE
brush_plots_binary: no visible binding for global variable ‘term’
brush_plots_binary : <anonymous>: no visible binding for global
  variable ‘term’
brush_plots_binary : <anonymous>: no visible binding for global
  variable ‘statistic’
brush_plots_binary : <anonymous>: no visible binding for global
  variable ‘magnitude’
brush_plots_binary : <anonymous> : <anonymous>: no visible global
  function definition for ‘write_csv’
brush_plots_binary : <anonymous>: no visible binding for global
  variable ‘color’
brush_plots_binary : <anonymous>: no visible binding for global
  variable ‘condition’
brush_plots_binary : <anonymous>: no visible global function definition
  for ‘head’
brush_plots_comparison : <anonymous>: no visible binding for global
  variable ‘comparison’
brush_plots_comparison : <anonymous> : <anonymous>: no visible global
  function definition for ‘write_csv’
brush_plots_comparison : <anonymous>: no visible binding for global
  variable ‘condition’
brush_plots_comparison : <anonymous>: no visible global function
  definition for ‘head’
brush_plots_nonbi: no visible binding for global variable ‘term’
brush_plots_nonbi : <anonymous>: no visible binding for global variable
  ‘term’
brush_plots_nonbi : <anonymous>: no visible binding for global variable
  ‘statistic’
brush_plots_nonbi : <anonymous>: no visible binding for global variable
  ‘magnitude’
brush_plots_nonbi : <anonymous>: no visible binding for global variable
  ‘cluster’
brush_plots_nonbi : <anonymous> : <anonymous>: no visible global
  function definition for ‘write_csv’
brush_plots_nonbi : <anonymous>: no visible binding for global variable
  ‘color’
draw_stats_histogram: no visible binding for global variable ‘term’
draw_stats_histogram: no visible binding for global variable
  ‘statistic’
reshape_comparisons: no visible binding for global variable
  ‘comparison’
reshape_comparisons: no visible binding for global variable ‘name’
reshape_comparisons: no visible binding for global variable
  ‘comparison_id’
split_dataset: no visible binding for global variable ‘.’
Undefined global functions or variables:
  . cluster color comparison comparison_id condition head magnitude
  name statistic term write_csv
Consider adding
  importFrom("utils", "head")
to your NAMESPACE file.
* checking Rd files ... OK
* checking Rd metadata ... OK
* checking Rd line widths ... OK
* checking Rd cross-references ... OK
* checking for missing documentation entries ... WARNING
Undocumented code objects:
  ‘example_data’ ‘house’ ‘thor’
Undocumented data sets:
  ‘example_data’ ‘house’ ‘thor’
All user-level objects in a package should have documentation entries.
See chapter ‘Writing R documentation files’ in the ‘Writing R
Extensions’ manual.
* checking for code/documentation mismatches ... OK
* checking Rd \usage sections ... WARNING
Undocumented arguments in documentation object 'brush_plots_comparison'
  ‘df’ ‘comparison_df’ ‘group_list’ ‘group’ ‘axes_vars’ ‘value’
  ‘effect_names’

Undocumented arguments in documentation object 'comparison_plot'
  ‘comparison_df’ ‘group’ ‘axes_vars’ ‘cur_ids’

Undocumented arguments in documentation object 'reshape_comparisons'
  ‘comparison_df’ ‘group’ ‘cur_ids’ ‘axes_vars’ ‘cur_var’
  ‘effect_names’

Functions with \usage entries need to have the appropriate \alias
entries, and all their arguments documented.
The \usage entries must correspond to syntactically valid R code.
See chapter ‘Writing R documentation files’ in the ‘Writing R
Extensions’ manual.
* checking Rd contents ... OK
* checking for unstated dependencies in examples ... OK
* checking contents of ‘data’ directory ... OK
* checking data for non-ASCII characters ... OK
* checking data for ASCII and uncompressed saves ... OK
* checking examples ... NONE
* checking for non-standard things in the check directory ... OK
* checking for detritus in the temp directory ... OK
* DONE
Status: 3 WARNINGs, 3 NOTEs
