* installing *source* package ‘MTBrush’ ...
** using staged installation
** R
** data
*** moving datasets to lazyload DB
** inst
** byte-compile and prepare package for lazy loading
Warning: replacing previous import ‘lifecycle::last_warnings’ by ‘rlang::last_warnings’ when loading ‘pillar’
Warning: replacing previous import ‘magrittr::extract’ by ‘tidyr::extract’ when loading ‘MTBrush’
** help
*** installing help indices
** building package indices
** testing if installed package can be loaded from temporary location
Warning: replacing previous import ‘lifecycle::last_warnings’ by ‘rlang::last_warnings’ when loading ‘pillar’
Warning: replacing previous import ‘magrittr::extract’ by ‘tidyr::extract’ when loading ‘MTBrush’
** testing if installed package can be loaded from final location
Warning: replacing previous import ‘lifecycle::last_warnings’ by ‘rlang::last_warnings’ when loading ‘pillar’
Warning: replacing previous import ‘magrittr::extract’ by ‘tidyr::extract’ when loading ‘MTBrush’
** testing if installed package keeps a record of temporary installation path
* DONE (MTBrush)
